Arguments: 
  C:\Program Files\nodejs\node.exe C:\Program Files (x86)\Yarn\bin\yarn.js

PATH: 
  C:\Program Files\Java\jdk-14.0.2\bin;C:\Program Files\nodejs\;C:\Program Files (x86)\Yarn\bin\;C:\Program Files\Git\cmd;C:\Program Files\dotnet\;C:\Users\kuldeep\AppData\Local\Programs\Python\Launcher\;C:\Users\kuldeep\AppData\Local\Programs\Python\Python37\Scripts\;C:\Users\kuldeep\AppData\Local\Programs\Python\Python37\;C:\Program Files\Java\jdk-14.0.2\bin;C:\Users\kuldeep\AppData\Roaming\npm;C:\Users\kuldeep\AppData\Local\Yarn\bin;C:\Users\kuldeep\AppData\Local\Programs\Microsoft VS Code\bin;C:\Users\kuldeep\.dotnet\tools

Yarn version: 
  1.22.5

Node version: 
  12.18.3

Platform: 
  win32 x64

Trace: 
  Error: EPERM: operation not permitted, open 'C:\Users\kuldeep\Desktop\new_app\node_modules\postcss-browser-comments\node_modules\.bin\browserslist.cmd'

npm manifest: 
  {
    "dependencies": {
      "react": "^17.0.2",
      "react-dom": "^17.0.2",
      "react-scripts": "^4.0.3"
    },
    "scripts": {
      "start": "react-scripts start",
      "build": "react-scripts build"
    },
    "browserslist": {
      "production": [
        ">0.2%",
        "not dead",
        "not op_mini all"
      ],
      "development": [
        "last 1 chrome version",
        "last 1 firefox version",
        "last 1 safari version"
      ]
    }
  }

yarn manifest: 
  No manifest

Lockfile: 
  No lockfile
